# JRE version: OpenJDK Runtime Environment (8.0_242-b01) (build 1.8.0_242-release-1644-b01)
# Java VM: OpenJDK 64-Bit Server VM (25.242-b01 mixed mode windows-amd64 compressed oops)
Heap:
 PSYoungGen      total 525824K, used 229309K [0x00000000d5580000, 0x0000000100000000, 0x0000000100000000)
  eden space 351232K, 62% used [0x00000000d5580000,0x00000000e2b9f510,0x00000000eac80000)
  from space 174592K, 5% used [0x00000000f5580000,0x00000000f5f50040,0x0000000100000000)
  to   space 173056K, 0% used [0x00000000eac80000,0x00000000eac80000,0x00000000f5580000)
 ParOldGen       total 360960K, used 210292K [0x0000000080000000, 0x0000000096080000, 0x00000000d5580000)
  object space 360960K, 58% used [0x0000000080000000,0x000000008cd5d0b8,0x0000000096080000)
 Metaspace       used 129945K, capacity 139464K, committed 139800K, reserved 1171456K
  class space    used 16188K, capacity 17852K, committed 17968K, reserved 1048576K
GC Heap History (10 events):
Event: 5040.123 GC heap before
{Heap before GC invocations=43 (full 5):
 PSYoungGen      total 523776K, used 387390K [0x00000000d5580000, 0x00000000fff80000, 0x0000000100000000)
  eden space 361984K, 100% used [0x00000000d5580000,0x00000000eb700000,0x00000000eb700000)
  from space 161792K, 15% used [0x00000000eb700000,0x00000000ecfcf970,0x00000000f5500000)
  to   space 157184K, 0% used [0x00000000f6600000,0x00000000f6600000,0x00000000fff80000)
 ParOldGen       total 360960K, used 209732K [0x0000000080000000, 0x0000000096080000, 0x00000000d5580000)
  object space 360960K, 58% used [0x0000000080000000,0x000000008ccd10a8,0x0000000096080000)
 Metaspace       used 129558K, capacity 138920K, committed 139160K, reserved 1171456K
  class space    used 16158K, capacity 17778K, committed 17840K, reserved 1048576K
Event: 5040.140 GC heap after
Heap after GC invocations=43 (full 5):
 PSYoungGen      total 521728K, used 31740K [0x00000000d5580000, 0x00000000ff080000, 0x0000000100000000)
  eden space 379904K, 0% used [0x00000000d5580000,0x00000000d5580000,0x00000000ec880000)
  from space 141824K, 22% used [0x00000000f6600000,0x00000000f84ff308,0x00000000ff080000)
  to   space 151552K, 0% used [0x00000000ec880000,0x00000000ec880000,0x00000000f5c80000)
 ParOldGen       total 360960K, used 209740K [0x0000000080000000, 0x0000000096080000, 0x00000000d5580000)
  object space 360960K, 58% used [0x0000000080000000,0x000000008ccd30a8,0x0000000096080000)
 Metaspace       used 129558K, capacity 138920K, committed 139160K, reserved 1171456K
  class space    used 16158K, capacity 17778K, committed 17840K, reserved 1048576K
}
Event: 5041.267 GC heap before
{Heap before GC invocations=44 (full 5):
 PSYoungGen      total 521728K, used 411632K [0x00000000d5580000, 0x00000000ff080000, 0x0000000100000000)
  eden space 379904K, 99% used [0x00000000d5580000,0x00000000ec87cf08,0x00000000ec880000)
  from space 141824K, 22% used [0x00000000f6600000,0x00000000f84ff308,0x00000000ff080000)
  to   space 151552K, 0% used [0x00000000ec880000,0x00000000ec880000,0x00000000f5c80000)
 ParOldGen       total 360960K, used 209740K [0x0000000080000000, 0x0000000096080000, 0x00000000d5580000)
  object space 360960K, 58% used [0x0000000080000000,0x000000008ccd30a8,0x0000000096080000)
 Metaspace       used 129604K, capacity 139030K, committed 139160K, reserved 1171456K
  class space    used 16161K, capacity 17785K, committed 17840K, reserved 1048576K
Event: 5041.337 GC heap after
Heap after GC invocations=44 (full 5):
 PSYoungGen      total 531456K, used 120577K [0x00000000d5580000, 0x0000000100000000, 0x0000000100000000)
  eden space 379904K, 0% used [0x00000000d5580000,0x00000000d5580000,0x00000000ec880000)
  from space 151552K, 79% used [0x00000000ec880000,0x00000000f3e40468,0x00000000f5c80000)
  to   space 166400K, 0% used [0x00000000f5d80000,0x00000000f5d80000,0x0000000100000000)
 ParOldGen       total 360960K, used 209740K [0x0000000080000000, 0x0000000096080000, 0x00000000d5580000)
  object space 360960K, 58% used [0x0000000080000000,0x000000008ccd30a8,0x0000000096080000)
 Metaspace       used 129604K, capacity 139030K, committed 139160K, reserved 1171456K
  class space    used 16161K, capacity 17785K, committed 17840K, reserved 1048576K
}
Event: 5046.263 GC heap before
{Heap before GC invocations=45 (full 5):
 PSYoungGen      total 531456K, used 500481K [0x00000000d5580000, 0x0000000100000000, 0x0000000100000000)
  eden space 379904K, 100% used [0x00000000d5580000,0x00000000ec880000,0x00000000ec880000)
  from space 151552K, 79% used [0x00000000ec880000,0x00000000f3e40468,0x00000000f5c80000)
  to   space 166400K, 0% used [0x00000000f5d80000,0x00000000f5d80000,0x0000000100000000)
 ParOldGen       total 360960K, used 209740K [0x0000000080000000, 0x0000000096080000, 0x00000000d5580000)
  object space 360960K, 58% used [0x0000000080000000,0x000000008ccd30a8,0x0000000096080000)
 Metaspace       used 129720K, capacity 139122K, committed 139160K, reserved 1171456K
  class space    used 16173K, capacity 17827K, committed 17840K, reserved 1048576K
Event: 5046.280 GC heap after
Heap after GC invocations=45 (full 5):
 PSYoungGen      total 538624K, used 48787K [0x00000000d5580000, 0x00000000ffd80000, 0x0000000100000000)
  eden space 374784K, 0% used [0x00000000d5580000,0x00000000d5580000,0x00000000ec380000)
  from space 163840K, 29% used [0x00000000f5d80000,0x00000000f8d24cb0,0x00000000ffd80000)
  to   space 157696K, 0% used [0x00000000ec380000,0x00000000ec380000,0x00000000f5d80000)
 ParOldGen       total 360960K, used 210108K [0x0000000080000000, 0x0000000096080000, 0x00000000d5580000)
  object space 360960K, 58% used [0x0000000080000000,0x000000008cd2f0a8,0x0000000096080000)
 Metaspace       used 129720K, capacity 139122K, committed 139160K, reserved 1171456K
  class space    used 16173K, capacity 17827K, committed 17840K, reserved 1048576K
}
Event: 5047.287 GC heap before
{Heap before GC invocations=46 (full 5):
 PSYoungGen      total 538624K, used 410946K [0x00000000d5580000, 0x00000000ffd80000, 0x0000000100000000)
  eden space 374784K, 96% used [0x00000000d5580000,0x00000000eb72bb98,0x00000000ec380000)
  from space 163840K, 29% used [0x00000000f5d80000,0x00000000f8d24cb0,0x00000000ffd80000)
  to   space 157696K, 0% used [0x00000000ec380000,0x00000000ec380000,0x00000000f5d80000)
 ParOldGen       total 360960K, used 210108K [0x0000000080000000, 0x0000000096080000, 0x00000000d5580000)
  object space 360960K, 58% used [0x0000000080000000,0x000000008cd2f0a8,0x0000000096080000)
 Metaspace       used 129724K, capacity 139122K, committed 139160K, reserved 1171456K
  class space    used 16173K, capacity 17827K, committed 17840K, reserved 1048576K
Event: 5047.349 GC heap after
Heap after GC invocations=46 (full 5):
 PSYoungGen      total 505856K, used 130636K [0x00000000d5580000, 0x0000000100000000, 0x0000000100000000)
  eden space 374784K, 0% used [0x00000000d5580000,0x00000000d5580000,0x00000000ec380000)
  from space 131072K, 99% used [0x00000000ec380000,0x00000000f4313010,0x00000000f4380000)
  to   space 174592K, 0% used [0x00000000f5580000,0x00000000f5580000,0x0000000100000000)
 ParOldGen       total 360960K, used 210116K [0x0000000080000000, 0x0000000096080000, 0x00000000d5580000)
  object space 360960K, 58% used [0x0000000080000000,0x000000008cd310a8,0x0000000096080000)
 Metaspace       used 129724K, capacity 139122K, committed 139160K, reserved 1171456K
  class space    used 16173K, capacity 17827K, committed 17840K, reserved 1048576K
}
Event: 5083.249 GC heap before
{Heap before GC invocations=47 (full 5):
 PSYoungGen      total 505856K, used 505420K [0x00000000d5580000, 0x0000000100000000, 0x0000000100000000)
  eden space 374784K, 100% used [0x00000000d5580000,0x00000000ec380000,0x00000000ec380000)
  from space 131072K, 99% used [0x00000000ec380000,0x00000000f4313010,0x00000000f4380000)
  to   space 174592K, 0% used [0x00000000f5580000,0x00000000f5580000,0x0000000100000000)
 ParOldGen       total 360960K, used 210116K [0x0000000080000000, 0x0000000096080000, 0x00000000d5580000)
  object space 360960K, 58% used [0x0000000080000000,0x000000008cd310a8,0x0000000096080000)
 Metaspace       used 129930K, capacity 139458K, committed 139800K, reserved 1171456K
  class space    used 16188K, capacity 17851K, committed 17968K, reserved 1048576K
Event: 5083.265 GC heap after
Heap after GC invocations=47 (full 5):
 PSYoungGen      total 525824K, used 10048K [0x00000000d5580000, 0x0000000100000000, 0x0000000100000000)
  eden space 351232K, 0% used [0x00000000d5580000,0x00000000d5580000,0x00000000eac80000)
  from space 174592K, 5% used [0x00000000f5580000,0x00000000f5f50040,0x0000000100000000)
  to   space 173056K, 0% used [0x00000000eac80000,0x00000000eac80000,0x00000000f5580000)
 ParOldGen       total 360960K, used 210292K [0x0000000080000000, 0x0000000096080000, 0x00000000d5580000)
  object space 360960K, 58% used [0x0000000080000000,0x000000008cd5d0b8,0x0000000096080000)
 Metaspace       used 129930K, capacity 139458K, committed 139800K, reserved 1171456K
  class space    used 16188K, capacity 17851K, committed 17968K, reserved 1048576K
}

