# JRE version: OpenJDK Runtime Environment (8.0_242-b01) (build 1.8.0_242-release-1644-b01)
# Java VM: OpenJDK 64-Bit Server VM (25.242-b01 mixed mode windows-amd64 compressed oops)
Heap:
 PSYoungGen      total 376320K, used 283650K [0x00000000d5580000, 0x00000000f1180000, 0x0000000100000000)
  eden space 297984K, 73% used [0x00000000d5580000,0x00000000e2cbee98,0x00000000e7880000)
  from space 78336K, 80% used [0x00000000ec500000,0x00000000f02c19b8,0x00000000f1180000)
  to   space 69120K, 0% used [0x00000000e8080000,0x00000000e8080000,0x00000000ec400000)
 ParOldGen       total 329216K, used 148442K [0x0000000080000000, 0x0000000094180000, 0x00000000d5580000)
  object space 329216K, 45% used [0x0000000080000000,0x00000000890f69f0,0x0000000094180000)
 Metaspace       used 127840K, capacity 135854K, committed 136084K, reserved 1167360K
  class space    used 16730K, capacity 18262K, committed 18364K, reserved 1048576K
GC Heap History (10 events):
Event: 2116.912 GC heap before
{Heap before GC invocations=26 (full 4):
 PSYoungGen      total 367104K, used 362737K [0x00000000d5580000, 0x00000000f1180000, 0x0000000100000000)
  eden space 297984K, 100% used [0x00000000d5580000,0x00000000e7880000,0x00000000e7880000)
  from space 69120K, 93% used [0x00000000e8080000,0x00000000ebfbc400,0x00000000ec400000)
  to   space 78336K, 0% used [0x00000000ec500000,0x00000000ec500000,0x00000000f1180000)
 ParOldGen       total 329216K, used 94477K [0x0000000080000000, 0x0000000094180000, 0x00000000d5580000)
  object space 329216K, 28% used [0x0000000080000000,0x0000000085c43608,0x0000000094180000)
 Metaspace       used 126423K, capacity 134308K, committed 134548K, reserved 1165312K
  class space    used 16588K, capacity 18063K, committed 18108K, reserved 1048576K
Event: 2116.947 GC heap after
Heap after GC invocations=26 (full 4):
 PSYoungGen      total 376320K, used 65732K [0x00000000d5580000, 0x00000000f1180000, 0x0000000100000000)
  eden space 297984K, 0% used [0x00000000d5580000,0x00000000d5580000,0x00000000e7880000)
  from space 78336K, 83% used [0x00000000ec500000,0x00000000f05313f0,0x00000000f1180000)
  to   space 69120K, 0% used [0x00000000e8080000,0x00000000e8080000,0x00000000ec400000)
 ParOldGen       total 329216K, used 94485K [0x0000000080000000, 0x0000000094180000, 0x00000000d5580000)
  object space 329216K, 28% used [0x0000000080000000,0x0000000085c45608,0x0000000094180000)
 Metaspace       used 126423K, capacity 134308K, committed 134548K, reserved 1165312K
  class space    used 16588K, capacity 18063K, committed 18108K, reserved 1048576K
}
Event: 2117.174 GC heap before
{Heap before GC invocations=27 (full 4):
 PSYoungGen      total 376320K, used 363716K [0x00000000d5580000, 0x00000000f1180000, 0x0000000100000000)
  eden space 297984K, 100% used [0x00000000d5580000,0x00000000e7880000,0x00000000e7880000)
  from space 78336K, 83% used [0x00000000ec500000,0x00000000f05313f0,0x00000000f1180000)
  to   space 69120K, 0% used [0x00000000e8080000,0x00000000e8080000,0x00000000ec400000)
 ParOldGen       total 329216K, used 94485K [0x0000000080000000, 0x0000000094180000, 0x00000000d5580000)
  object space 329216K, 28% used [0x0000000080000000,0x0000000085c45608,0x0000000094180000)
 Metaspace       used 126430K, capacity 134308K, committed 134548K, reserved 1165312K
  class space    used 16588K, capacity 18063K, committed 18108K, reserved 1048576K
Event: 2117.214 GC heap after
Heap after GC invocations=27 (full 4):
 PSYoungGen      total 367104K, used 64524K [0x00000000d5580000, 0x00000000f1180000, 0x0000000100000000)
  eden space 297984K, 0% used [0x00000000d5580000,0x00000000d5580000,0x00000000e7880000)
  from space 69120K, 93% used [0x00000000e8080000,0x00000000ebf830c0,0x00000000ec400000)
  to   space 78336K, 0% used [0x00000000ec500000,0x00000000ec500000,0x00000000f1180000)
 ParOldGen       total 329216K, used 94765K [0x0000000080000000, 0x0000000094180000, 0x00000000d5580000)
  object space 329216K, 28% used [0x0000000080000000,0x0000000085c8b618,0x0000000094180000)
 Metaspace       used 126430K, capacity 134308K, committed 134548K, reserved 1165312K
  class space    used 16588K, capacity 18063K, committed 18108K, reserved 1048576K
}
Event: 2117.536 GC heap before
{Heap before GC invocations=28 (full 4):
 PSYoungGen      total 367104K, used 362508K [0x00000000d5580000, 0x00000000f1180000, 0x0000000100000000)
  eden space 297984K, 100% used [0x00000000d5580000,0x00000000e7880000,0x00000000e7880000)
  from space 69120K, 93% used [0x00000000e8080000,0x00000000ebf830c0,0x00000000ec400000)
  to   space 78336K, 0% used [0x00000000ec500000,0x00000000ec500000,0x00000000f1180000)
 ParOldGen       total 329216K, used 94765K [0x0000000080000000, 0x0000000094180000, 0x00000000d5580000)
  object space 329216K, 28% used [0x0000000080000000,0x0000000085c8b618,0x0000000094180000)
 Metaspace       used 126438K, capacity 134308K, committed 134548K, reserved 1165312K
  class space    used 16588K, capacity 18063K, committed 18108K, reserved 1048576K
Event: 2117.572 GC heap after
Heap after GC invocations=28 (full 4):
 PSYoungGen      total 376320K, used 37732K [0x00000000d5580000, 0x00000000f1180000, 0x0000000100000000)
  eden space 297984K, 0% used [0x00000000d5580000,0x00000000d5580000,0x00000000e7880000)
  from space 78336K, 48% used [0x00000000ec500000,0x00000000ee9d9170,0x00000000f1180000)
  to   space 69120K, 0% used [0x00000000e8080000,0x00000000e8080000,0x00000000ec400000)
 ParOldGen       total 329216K, used 121905K [0x0000000080000000, 0x0000000094180000, 0x00000000d5580000)
  object space 329216K, 37% used [0x0000000080000000,0x000000008770c700,0x0000000094180000)
 Metaspace       used 126438K, capacity 134308K, committed 134548K, reserved 1165312K
  class space    used 16588K, capacity 18063K, committed 18108K, reserved 1048576K
}
Event: 2118.381 GC heap before
{Heap before GC invocations=29 (full 4):
 PSYoungGen      total 376320K, used 335716K [0x00000000d5580000, 0x00000000f1180000, 0x0000000100000000)
  eden space 297984K, 100% used [0x00000000d5580000,0x00000000e7880000,0x00000000e7880000)
  from space 78336K, 48% used [0x00000000ec500000,0x00000000ee9d9170,0x00000000f1180000)
  to   space 69120K, 0% used [0x00000000e8080000,0x00000000e8080000,0x00000000ec400000)
 ParOldGen       total 329216K, used 121905K [0x0000000080000000, 0x0000000094180000, 0x00000000d5580000)
  object space 329216K, 37% used [0x0000000080000000,0x000000008770c700,0x0000000094180000)
 Metaspace       used 127382K, capacity 135326K, committed 135444K, reserved 1167360K
  class space    used 16698K, capacity 18218K, committed 18236K, reserved 1048576K
Event: 2118.402 GC heap after
Heap after GC invocations=29 (full 4):
 PSYoungGen      total 367104K, used 6752K [0x00000000d5580000, 0x00000000f1180000, 0x0000000100000000)
  eden space 297984K, 0% used [0x00000000d5580000,0x00000000d5580000,0x00000000e7880000)
  from space 69120K, 9% used [0x00000000e8080000,0x00000000e8718218,0x00000000ec400000)
  to   space 78336K, 0% used [0x00000000ec500000,0x00000000ec500000,0x00000000f1180000)
 ParOldGen       total 329216K, used 148218K [0x0000000080000000, 0x0000000094180000, 0x00000000d5580000)
  object space 329216K, 45% used [0x0000000080000000,0x00000000890be9d0,0x0000000094180000)
 Metaspace       used 127382K, capacity 135326K, committed 135444K, reserved 1167360K
  class space    used 16698K, capacity 18218K, committed 18236K, reserved 1048576K
}
Event: 2119.244 GC heap before
{Heap before GC invocations=30 (full 4):
 PSYoungGen      total 367104K, used 304736K [0x00000000d5580000, 0x00000000f1180000, 0x0000000100000000)
  eden space 297984K, 100% used [0x00000000d5580000,0x00000000e7880000,0x00000000e7880000)
  from space 69120K, 9% used [0x00000000e8080000,0x00000000e8718218,0x00000000ec400000)
  to   space 78336K, 0% used [0x00000000ec500000,0x00000000ec500000,0x00000000f1180000)
 ParOldGen       total 329216K, used 148218K [0x0000000080000000, 0x0000000094180000, 0x00000000d5580000)
  object space 329216K, 45% used [0x0000000080000000,0x00000000890be9d0,0x0000000094180000)
 Metaspace       used 127770K, capacity 135782K, committed 136084K, reserved 1167360K
  class space    used 16723K, capacity 18262K, committed 18364K, reserved 1048576K
Event: 2119.279 GC heap after
Heap after GC invocations=30 (full 4):
 PSYoungGen      total 376320K, used 63238K [0x00000000d5580000, 0x00000000f1180000, 0x0000000100000000)
  eden space 297984K, 0% used [0x00000000d5580000,0x00000000d5580000,0x00000000e7880000)
  from space 78336K, 80% used [0x00000000ec500000,0x00000000f02c19b8,0x00000000f1180000)
  to   space 69120K, 0% used [0x00000000e8080000,0x00000000e8080000,0x00000000ec400000)
 ParOldGen       total 329216K, used 148442K [0x0000000080000000, 0x0000000094180000, 0x00000000d5580000)
  object space 329216K, 45% used [0x0000000080000000,0x00000000890f69f0,0x0000000094180000)
 Metaspace       used 127770K, capacity 135782K, committed 136084K, reserved 1167360K
  class space    used 16723K, capacity 18262K, committed 18364K, reserved 1048576K
}

