# JRE version: OpenJDK Runtime Environment (8.0_242-b01) (build 1.8.0_242-release-1644-b01)
# Java VM: OpenJDK 64-Bit Server VM (25.242-b01 mixed mode windows-amd64 compressed oops)
Heap:
 PSYoungGen      total 76800K, used 63488K [0x00000000d5580000, 0x00000000dd900000, 0x0000000100000000)
  eden space 63488K, 100% used [0x00000000d5580000,0x00000000d9380000,0x00000000d9380000)
  from space 13312K, 0% used [0x00000000d9380000,0x00000000d9380000,0x00000000da080000)
  to   space 13312K, 41% used [0x00000000dcc00000,0x00000000dd165838,0x00000000dd900000)
 ParOldGen       total 126976K, used 15315K [0x0000000080000000, 0x0000000087c00000, 0x00000000d5580000)
  object space 126976K, 12% used [0x0000000080000000,0x0000000080ef4e48,0x0000000087c00000)
 Metaspace       used 36767K, capacity 38256K, committed 38488K, reserved 1083392K
  class space    used 5048K, capacity 5404K, committed 5504K, reserved 1048576K
GC Heap History (10 events):
Event: 7.401 GC heap after
Heap after GC invocations=5 (full 1):
 PSYoungGen      total 76288K, used 0K [0x00000000d5580000, 0x00000000daa80000, 0x0000000100000000)
  eden space 65536K, 0% used [0x00000000d5580000,0x00000000d5580000,0x00000000d9580000)
  from space 10752K, 0% used [0x00000000da000000,0x00000000da000000,0x00000000daa80000)
  to   space 10752K, 0% used [0x00000000d9580000,0x00000000d9580000,0x00000000da000000)
 ParOldGen       total 73728K, used 7042K [0x0000000080000000, 0x0000000084800000, 0x00000000d5580000)
  object space 73728K, 9% used [0x0000000080000000,0x00000000806e0bf8,0x0000000084800000)
 Metaspace       used 20482K, capacity 21154K, committed 21248K, reserved 1067008K
  class space    used 2852K, capacity 3035K, committed 3072K, reserved 1048576K
}
Event: 9.033 GC heap before
{Heap before GC invocations=6 (full 1):
 PSYoungGen      total 76288K, used 65536K [0x00000000d5580000, 0x00000000daa80000, 0x0000000100000000)
  eden space 65536K, 100% used [0x00000000d5580000,0x00000000d9580000,0x00000000d9580000)
  from space 10752K, 0% used [0x00000000da000000,0x00000000da000000,0x00000000daa80000)
  to   space 10752K, 0% used [0x00000000d9580000,0x00000000d9580000,0x00000000da000000)
 ParOldGen       total 73728K, used 7042K [0x0000000080000000, 0x0000000084800000, 0x00000000d5580000)
  object space 73728K, 9% used [0x0000000080000000,0x00000000806e0bf8,0x0000000084800000)
 Metaspace       used 24494K, capacity 25556K, committed 25856K, reserved 1071104K
  class space    used 3497K, capacity 3800K, committed 3840K, reserved 1048576K
Event: 9.036 GC heap after
Heap after GC invocations=6 (full 1):
 PSYoungGen      total 74752K, used 5269K [0x00000000d5580000, 0x00000000dad00000, 0x0000000100000000)
  eden space 64000K, 0% used [0x00000000d5580000,0x00000000d5580000,0x00000000d9400000)
  from space 10752K, 49% used [0x00000000d9580000,0x00000000d9aa5738,0x00000000da000000)
  to   space 12800K, 0% used [0x00000000da080000,0x00000000da080000,0x00000000dad00000)
 ParOldGen       total 73728K, used 7050K [0x0000000080000000, 0x0000000084800000, 0x00000000d5580000)
  object space 73728K, 9% used [0x0000000080000000,0x00000000806e2bf8,0x0000000084800000)
 Metaspace       used 24494K, capacity 25556K, committed 25856K, reserved 1071104K
  class space    used 3497K, capacity 3800K, committed 3840K, reserved 1048576K
}
Event: 9.668 GC heap before
{Heap before GC invocations=7 (full 1):
 PSYoungGen      total 74752K, used 69269K [0x00000000d5580000, 0x00000000dad00000, 0x0000000100000000)
  eden space 64000K, 100% used [0x00000000d5580000,0x00000000d9400000,0x00000000d9400000)
  from space 10752K, 49% used [0x00000000d9580000,0x00000000d9aa5738,0x00000000da000000)
  to   space 12800K, 0% used [0x00000000da080000,0x00000000da080000,0x00000000dad00000)
 ParOldGen       total 73728K, used 7050K [0x0000000080000000, 0x0000000084800000, 0x00000000d5580000)
  object space 73728K, 9% used [0x0000000080000000,0x00000000806e2bf8,0x0000000084800000)
 Metaspace       used 32689K, capacity 33830K, committed 34176K, reserved 1079296K
  class space    used 4406K, capacity 4724K, committed 4736K, reserved 1048576K
Event: 9.676 GC heap after
Heap after GC invocations=7 (full 1):
 PSYoungGen      total 76288K, used 10402K [0x00000000d5580000, 0x00000000dd280000, 0x0000000100000000)
  eden space 63488K, 0% used [0x00000000d5580000,0x00000000d5580000,0x00000000d9380000)
  from space 12800K, 81% used [0x00000000da080000,0x00000000daaa8b28,0x00000000dad00000)
  to   space 13312K, 0% used [0x00000000d9380000,0x00000000d9380000,0x00000000da080000)
 ParOldGen       total 73728K, used 7058K [0x0000000080000000, 0x0000000084800000, 0x00000000d5580000)
  object space 73728K, 9% used [0x0000000080000000,0x00000000806e4bf8,0x0000000084800000)
 Metaspace       used 32689K, capacity 33830K, committed 34176K, reserved 1079296K
  class space    used 4406K, capacity 4724K, committed 4736K, reserved 1048576K
}
Event: 9.977 GC heap before
{Heap before GC invocations=8 (full 1):
 PSYoungGen      total 76288K, used 42330K [0x00000000d5580000, 0x00000000dd280000, 0x0000000100000000)
  eden space 63488K, 50% used [0x00000000d5580000,0x00000000d74ae0c8,0x00000000d9380000)
  from space 12800K, 81% used [0x00000000da080000,0x00000000daaa8b28,0x00000000dad00000)
  to   space 13312K, 0% used [0x00000000d9380000,0x00000000d9380000,0x00000000da080000)
 ParOldGen       total 73728K, used 7058K [0x0000000080000000, 0x0000000084800000, 0x00000000d5580000)
  object space 73728K, 9% used [0x0000000080000000,0x00000000806e4bf8,0x0000000084800000)
 Metaspace       used 34040K, capacity 35250K, committed 35416K, reserved 1079296K
  class space    used 4585K, capacity 4880K, committed 4992K, reserved 1048576K
Event: 9.985 GC heap after
Heap after GC invocations=8 (full 1):
 PSYoungGen      total 76800K, used 9253K [0x00000000d5580000, 0x00000000dd900000, 0x0000000100000000)
  eden space 63488K, 0% used [0x00000000d5580000,0x00000000d5580000,0x00000000d9380000)
  from space 13312K, 69% used [0x00000000d9380000,0x00000000d9c89770,0x00000000da080000)
  to   space 13312K, 0% used [0x00000000dcc00000,0x00000000dcc00000,0x00000000dd900000)
 ParOldGen       total 73728K, used 7066K [0x0000000080000000, 0x0000000084800000, 0x00000000d5580000)
  object space 73728K, 9% used [0x0000000080000000,0x00000000806e6bf8,0x0000000084800000)
 Metaspace       used 34040K, capacity 35250K, committed 35416K, reserved 1079296K
  class space    used 4585K, capacity 4880K, committed 4992K, reserved 1048576K
}
Event: 9.985 GC heap before
{Heap before GC invocations=9 (full 2):
 PSYoungGen      total 76800K, used 9253K [0x00000000d5580000, 0x00000000dd900000, 0x0000000100000000)
  eden space 63488K, 0% used [0x00000000d5580000,0x00000000d5580000,0x00000000d9380000)
  from space 13312K, 69% used [0x00000000d9380000,0x00000000d9c89770,0x00000000da080000)
  to   space 13312K, 0% used [0x00000000dcc00000,0x00000000dcc00000,0x00000000dd900000)
 ParOldGen       total 73728K, used 7066K [0x0000000080000000, 0x0000000084800000, 0x00000000d5580000)
  object space 73728K, 9% used [0x0000000080000000,0x00000000806e6bf8,0x0000000084800000)
 Metaspace       used 34040K, capacity 35250K, committed 35416K, reserved 1079296K
  class space    used 4585K, capacity 4880K, committed 4992K, reserved 1048576K
Event: 10.095 GC heap after
Heap after GC invocations=9 (full 2):
 PSYoungGen      total 76800K, used 0K [0x00000000d5580000, 0x00000000dd900000, 0x0000000100000000)
  eden space 63488K, 0% used [0x00000000d5580000,0x00000000d5580000,0x00000000d9380000)
  from space 13312K, 0% used [0x00000000d9380000,0x00000000d9380000,0x00000000da080000)
  to   space 13312K, 0% used [0x00000000dcc00000,0x00000000dcc00000,0x00000000dd900000)
 ParOldGen       total 126976K, used 15315K [0x0000000080000000, 0x0000000087c00000, 0x00000000d5580000)
  object space 126976K, 12% used [0x0000000080000000,0x0000000080ef4e48,0x0000000087c00000)
 Metaspace       used 34040K, capacity 35250K, committed 35416K, reserved 1079296K
  class space    used 4585K, capacity 4880K, committed 4992K, reserved 1048576K
}
Event: 11.437 GC heap before
{Heap before GC invocations=10 (full 2):
 PSYoungGen      total 76800K, used 63488K [0x00000000d5580000, 0x00000000dd900000, 0x0000000100000000)
  eden space 63488K, 100% used [0x00000000d5580000,0x00000000d9380000,0x00000000d9380000)
  from space 13312K, 0% used [0x00000000d9380000,0x00000000d9380000,0x00000000da080000)
  to   space 13312K, 0% used [0x00000000dcc00000,0x00000000dcc00000,0x00000000dd900000)
 ParOldGen       total 126976K, used 15315K [0x0000000080000000, 0x0000000087c00000, 0x00000000d5580000)
  object space 126976K, 12% used [0x0000000080000000,0x0000000080ef4e48,0x0000000087c00000)
 Metaspace       used 36767K, capacity 38256K, committed 38488K, reserved 1083392K
  class space    used 5048K, capacity 5404K, committed 5504K, reserved 1048576K

