# JRE version: OpenJDK Runtime Environment (8.0_242-b01) (build 1.8.0_242-release-1644-b01)
# Java VM: OpenJDK 64-Bit Server VM (25.242-b01 mixed mode windows-amd64 compressed oops)
Heap:
 PSYoungGen      total 592896K, used 75612K [0x00000000d5580000, 0x0000000100000000, 0x0000000100000000)
  eden space 520704K, 0% used [0x00000000d5580000,0x00000000d58dd8b8,0x00000000f5200000)
  from space 72192K, 99% used [0x00000000f5200000,0x00000000f98798f8,0x00000000f9880000)
  to   space 96768K, 0% used [0x00000000fa180000,0x00000000fa180000,0x0000000100000000)
 ParOldGen       total 345600K, used 99015K [0x0000000080000000, 0x0000000095180000, 0x00000000d5580000)
  object space 345600K, 28% used [0x0000000080000000,0x00000000860b1d48,0x0000000095180000)
 Metaspace       used 113944K, capacity 120130K, committed 120344K, reserved 1153024K
  class space    used 14754K, capacity 15919K, committed 15920K, reserved 1048576K
GC Heap History (10 events):
Event: 24.049 GC heap before
{Heap before GC invocations=17 (full 4):
 PSYoungGen      total 512000K, used 449536K [0x00000000d5580000, 0x00000000f9d80000, 0x0000000100000000)
  eden space 449536K, 100% used [0x00000000d5580000,0x00000000f0c80000,0x00000000f0c80000)
  from space 62464K, 0% used [0x00000000f6080000,0x00000000f6080000,0x00000000f9d80000)
  to   space 74240K, 0% used [0x00000000f0c80000,0x00000000f0c80000,0x00000000f5500000)
 ParOldGen       total 345600K, used 63567K [0x0000000080000000, 0x0000000095180000, 0x00000000d5580000)
  object space 345600K, 18% used [0x0000000080000000,0x0000000083e13c48,0x0000000095180000)
 Metaspace       used 103886K, capacity 109176K, committed 109464K, reserved 1144832K
  class space    used 13971K, capacity 14988K, committed 15024K, reserved 1048576K
Event: 24.080 GC heap after
Heap after GC invocations=17 (full 4):
 PSYoungGen      total 523776K, used 48642K [0x00000000d5580000, 0x0000000100000000, 0x0000000100000000)
  eden space 449536K, 0% used [0x00000000d5580000,0x00000000d5580000,0x00000000f0c80000)
  from space 74240K, 65% used [0x00000000f0c80000,0x00000000f3c008b8,0x00000000f5500000)
  to   space 77824K, 0% used [0x00000000fb400000,0x00000000fb400000,0x0000000100000000)
 ParOldGen       total 345600K, used 63575K [0x0000000080000000, 0x0000000095180000, 0x00000000d5580000)
  object space 345600K, 18% used [0x0000000080000000,0x0000000083e15c48,0x0000000095180000)
 Metaspace       used 103886K, capacity 109176K, committed 109464K, reserved 1144832K
  class space    used 13971K, capacity 14988K, committed 15024K, reserved 1048576K
}
Event: 26.222 GC heap before
{Heap before GC invocations=18 (full 4):
 PSYoungGen      total 523776K, used 497989K [0x00000000d5580000, 0x0000000100000000, 0x0000000100000000)
  eden space 449536K, 99% used [0x00000000d5580000,0x00000000f0c50d88,0x00000000f0c80000)
  from space 74240K, 65% used [0x00000000f0c80000,0x00000000f3c008b8,0x00000000f5500000)
  to   space 77824K, 0% used [0x00000000fb400000,0x00000000fb400000,0x0000000100000000)
 ParOldGen       total 345600K, used 63575K [0x0000000080000000, 0x0000000095180000, 0x00000000d5580000)
  object space 345600K, 18% used [0x0000000080000000,0x0000000083e15c48,0x0000000095180000)
 Metaspace       used 106258K, capacity 111760K, committed 112024K, reserved 1146880K
  class space    used 14207K, capacity 15250K, committed 15280K, reserved 1048576K
Event: 26.237 GC heap after
Heap after GC invocations=18 (full 4):
 PSYoungGen      total 594432K, used 25241K [0x00000000d5580000, 0x00000000fee80000, 0x0000000100000000)
  eden space 534528K, 0% used [0x00000000d5580000,0x00000000d5580000,0x00000000f5f80000)
  from space 59904K, 42% used [0x00000000fb400000,0x00000000fcca6548,0x00000000fee80000)
  to   space 73216K, 0% used [0x00000000f5f80000,0x00000000f5f80000,0x00000000fa700000)
 ParOldGen       total 345600K, used 63583K [0x0000000080000000, 0x0000000095180000, 0x00000000d5580000)
  object space 345600K, 18% used [0x0000000080000000,0x0000000083e17c48,0x0000000095180000)
 Metaspace       used 106258K, capacity 111760K, committed 112024K, reserved 1146880K
  class space    used 14207K, capacity 15250K, committed 15280K, reserved 1048576K
}
Event: 1012.429 GC heap before
{Heap before GC invocations=19 (full 4):
 PSYoungGen      total 594432K, used 559769K [0x00000000d5580000, 0x00000000fee80000, 0x0000000100000000)
  eden space 534528K, 100% used [0x00000000d5580000,0x00000000f5f80000,0x00000000f5f80000)
  from space 59904K, 42% used [0x00000000fb400000,0x00000000fcca6548,0x00000000fee80000)
  to   space 73216K, 0% used [0x00000000f5f80000,0x00000000f5f80000,0x00000000fa700000)
 ParOldGen       total 345600K, used 63839K [0x0000000080000000, 0x0000000095180000, 0x00000000d5580000)
  object space 345600K, 18% used [0x0000000080000000,0x0000000083e57c58,0x0000000095180000)
 Metaspace       used 110159K, capacity 115908K, committed 116120K, reserved 1150976K
  class space    used 14417K, capacity 15512K, committed 15536K, reserved 1048576K
Event: 1012.458 GC heap after
Heap after GC invocations=19 (full 4):
 PSYoungGen      total 607744K, used 38562K [0x00000000d5580000, 0x0000000100000000, 0x0000000100000000)
  eden space 534528K, 0% used [0x00000000d5580000,0x00000000d5580000,0x00000000f5f80000)
  from space 73216K, 52% used [0x00000000f5f80000,0x00000000f8528b68,0x00000000fa700000)
  to   space 72704K, 0% used [0x00000000fb900000,0x00000000fb900000,0x0000000100000000)
 ParOldGen       total 345600K, used 63847K [0x0000000080000000, 0x0000000095180000, 0x00000000d5580000)
  object space 345600K, 18% used [0x0000000080000000,0x0000000083e59c58,0x0000000095180000)
 Metaspace       used 110159K, capacity 115908K, committed 116120K, reserved 1150976K
  class space    used 14417K, capacity 15512K, committed 15536K, reserved 1048576K
}
Event: 1336.424 GC heap before
{Heap before GC invocations=20 (full 4):
 PSYoungGen      total 607744K, used 573090K [0x00000000d5580000, 0x0000000100000000, 0x0000000100000000)
  eden space 534528K, 100% used [0x00000000d5580000,0x00000000f5f80000,0x00000000f5f80000)
  from space 73216K, 52% used [0x00000000f5f80000,0x00000000f8528b68,0x00000000fa700000)
  to   space 72704K, 0% used [0x00000000fb900000,0x00000000fb900000,0x0000000100000000)
 ParOldGen       total 345600K, used 63946K [0x0000000080000000, 0x0000000095180000, 0x00000000d5580000)
  object space 345600K, 18% used [0x0000000080000000,0x0000000083e72ad8,0x0000000095180000)
 Metaspace       used 110536K, capacity 116426K, committed 116760K, reserved 1150976K
  class space    used 14439K, capacity 15541K, committed 15664K, reserved 1048576K
Event: 1336.449 GC heap after
Heap after GC invocations=20 (full 4):
 PSYoungGen      total 555008K, used 38750K [0x00000000d5580000, 0x00000000fdf00000, 0x0000000100000000)
  eden space 516096K, 0% used [0x00000000d5580000,0x00000000d5580000,0x00000000f4d80000)
  from space 38912K, 99% used [0x00000000fb900000,0x00000000fded7bc8,0x00000000fdf00000)
  to   space 72192K, 0% used [0x00000000f5200000,0x00000000f5200000,0x00000000f9880000)
 ParOldGen       total 345600K, used 63954K [0x0000000080000000, 0x0000000095180000, 0x00000000d5580000)
  object space 345600K, 18% used [0x0000000080000000,0x0000000083e74ad8,0x0000000095180000)
 Metaspace       used 110536K, capacity 116426K, committed 116760K, reserved 1150976K
  class space    used 14439K, capacity 15541K, committed 15664K, reserved 1048576K
}
Event: 1339.319 GC heap before
{Heap before GC invocations=21 (full 4):
 PSYoungGen      total 555008K, used 554846K [0x00000000d5580000, 0x00000000fdf00000, 0x0000000100000000)
  eden space 516096K, 100% used [0x00000000d5580000,0x00000000f4d80000,0x00000000f4d80000)
  from space 38912K, 99% used [0x00000000fb900000,0x00000000fded7bc8,0x00000000fdf00000)
  to   space 72192K, 0% used [0x00000000f5200000,0x00000000f5200000,0x00000000f9880000)
 ParOldGen       total 345600K, used 63954K [0x0000000080000000, 0x0000000095180000, 0x00000000d5580000)
  object space 345600K, 18% used [0x0000000080000000,0x0000000083e74ad8,0x0000000095180000)
 Metaspace       used 113944K, capacity 120130K, committed 120344K, reserved 1153024K
  class space    used 14754K, capacity 15919K, committed 15920K, reserved 1048576K
Event: 1339.372 GC heap after
Heap after GC invocations=21 (full 4):
 PSYoungGen      total 592896K, used 72166K [0x00000000d5580000, 0x0000000100000000, 0x0000000100000000)
  eden space 520704K, 0% used [0x00000000d5580000,0x00000000d5580000,0x00000000f5200000)
  from space 72192K, 99% used [0x00000000f5200000,0x00000000f98798f8,0x00000000f9880000)
  to   space 96768K, 0% used [0x00000000fa180000,0x00000000fa180000,0x0000000100000000)
 ParOldGen       total 345600K, used 99015K [0x0000000080000000, 0x0000000095180000, 0x00000000d5580000)
  object space 345600K, 28% used [0x0000000080000000,0x00000000860b1d48,0x0000000095180000)
 Metaspace       used 113944K, capacity 120130K, committed 120344K, reserved 1153024K
  class space    used 14754K, capacity 15919K, committed 15920K, reserved 1048576K
}

