# JRE version: OpenJDK Runtime Environment (8.0_242-b01) (build 1.8.0_242-release-1644-b01)
# Java VM: OpenJDK 64-Bit Server VM (25.242-b01 mixed mode windows-amd64 compressed oops)
Heap:
 PSYoungGen      total 226816K, used 54171K [0x00000000d5580000, 0x00000000e6f80000, 0x0000000100000000)
  eden space 208384K, 17% used [0x00000000d5580000,0x00000000d786a6f8,0x00000000e2100000)
  from space 18432K, 99% used [0x00000000e3680000,0x00000000e487c6a0,0x00000000e4880000)
  to   space 22016K, 0% used [0x00000000e2100000,0x00000000e2100000,0x00000000e3680000)
 ParOldGen       total 191488K, used 43812K [0x0000000080000000, 0x000000008bb00000, 0x00000000d5580000)
  object space 191488K, 22% used [0x0000000080000000,0x0000000082ac90e0,0x000000008bb00000)
 Metaspace       used 78251K, capacity 82450K, committed 82708K, reserved 1120256K
  class space    used 10721K, capacity 11480K, committed 11580K, reserved 1048576K
GC Heap History (10 events):
Event: 17.283 GC heap before
{Heap before GC invocations=11 (full 2):
 PSYoungGen      total 176640K, used 176357K [0x00000000d5580000, 0x00000000e2880000, 0x0000000100000000)
  eden space 166912K, 100% used [0x00000000d5580000,0x00000000df880000,0x00000000df880000)
  from space 9728K, 97% used [0x00000000e1f00000,0x00000000e2839540,0x00000000e2880000)
  to   space 13312K, 0% used [0x00000000e0e80000,0x00000000e0e80000,0x00000000e1b80000)
 ParOldGen       total 132608K, used 15218K [0x0000000080000000, 0x0000000088180000, 0x00000000d5580000)
  object space 132608K, 11% used [0x0000000080000000,0x0000000080edcba0,0x0000000088180000)
 Metaspace       used 52194K, capacity 54414K, committed 54488K, reserved 1095680K
  class space    used 6968K, capacity 7407K, committed 7424K, reserved 1048576K
Event: 17.297 GC heap after
Heap after GC invocations=11 (full 2):
 PSYoungGen      total 202752K, used 13300K [0x00000000d5580000, 0x00000000e4880000, 0x0000000100000000)
  eden space 189440K, 0% used [0x00000000d5580000,0x00000000d5580000,0x00000000e0e80000)
  from space 13312K, 99% used [0x00000000e0e80000,0x00000000e1b7d300,0x00000000e1b80000)
  to   space 18432K, 0% used [0x00000000e3680000,0x00000000e3680000,0x00000000e4880000)
 ParOldGen       total 132608K, used 24226K [0x0000000080000000, 0x0000000088180000, 0x00000000d5580000)
  object space 132608K, 18% used [0x0000000080000000,0x00000000817a8910,0x0000000088180000)
 Metaspace       used 52194K, capacity 54414K, committed 54488K, reserved 1095680K
  class space    used 6968K, capacity 7407K, committed 7424K, reserved 1048576K
}
Event: 17.931 GC heap before
{Heap before GC invocations=12 (full 2):
 PSYoungGen      total 202752K, used 87200K [0x00000000d5580000, 0x00000000e4880000, 0x0000000100000000)
  eden space 189440K, 39% used [0x00000000d5580000,0x00000000d9dab000,0x00000000e0e80000)
  from space 13312K, 99% used [0x00000000e0e80000,0x00000000e1b7d300,0x00000000e1b80000)
  to   space 18432K, 0% used [0x00000000e3680000,0x00000000e3680000,0x00000000e4880000)
 ParOldGen       total 132608K, used 24226K [0x0000000080000000, 0x0000000088180000, 0x00000000d5580000)
  object space 132608K, 18% used [0x0000000080000000,0x00000000817a8910,0x0000000088180000)
 Metaspace       used 56580K, capacity 58978K, committed 59028K, reserved 1099776K
  class space    used 7593K, capacity 8097K, committed 8124K, reserved 1048576K
Event: 17.947 GC heap after
Heap after GC invocations=12 (full 2):
 PSYoungGen      total 226816K, used 18422K [0x00000000d5580000, 0x00000000e6f80000, 0x0000000100000000)
  eden space 208384K, 0% used [0x00000000d5580000,0x00000000d5580000,0x00000000e2100000)
  from space 18432K, 99% used [0x00000000e3680000,0x00000000e487d870,0x00000000e4880000)
  to   space 22016K, 0% used [0x00000000e2100000,0x00000000e2100000,0x00000000e3680000)
 ParOldGen       total 132608K, used 27631K [0x0000000080000000, 0x0000000088180000, 0x00000000d5580000)
  object space 132608K, 20% used [0x0000000080000000,0x0000000081afbe58,0x0000000088180000)
 Metaspace       used 56580K, capacity 58978K, committed 59028K, reserved 1099776K
  class space    used 7593K, capacity 8097K, committed 8124K, reserved 1048576K
}
Event: 17.947 GC heap before
{Heap before GC invocations=13 (full 3):
 PSYoungGen      total 226816K, used 18422K [0x00000000d5580000, 0x00000000e6f80000, 0x0000000100000000)
  eden space 208384K, 0% used [0x00000000d5580000,0x00000000d5580000,0x00000000e2100000)
  from space 18432K, 99% used [0x00000000e3680000,0x00000000e487d870,0x00000000e4880000)
  to   space 22016K, 0% used [0x00000000e2100000,0x00000000e2100000,0x00000000e3680000)
 ParOldGen       total 132608K, used 27631K [0x0000000080000000, 0x0000000088180000, 0x00000000d5580000)
  object space 132608K, 20% used [0x0000000080000000,0x0000000081afbe58,0x0000000088180000)
 Metaspace       used 56580K, capacity 58978K, committed 59028K, reserved 1099776K
  class space    used 7593K, capacity 8097K, committed 8124K, reserved 1048576K
Event: 18.114 GC heap after
Heap after GC invocations=13 (full 3):
 PSYoungGen      total 226816K, used 0K [0x00000000d5580000, 0x00000000e6f80000, 0x0000000100000000)
  eden space 208384K, 0% used [0x00000000d5580000,0x00000000d5580000,0x00000000e2100000)
  from space 18432K, 0% used [0x00000000e3680000,0x00000000e3680000,0x00000000e4880000)
  to   space 22016K, 0% used [0x00000000e2100000,0x00000000e2100000,0x00000000e3680000)
 ParOldGen       total 191488K, used 34289K [0x0000000080000000, 0x000000008bb00000, 0x00000000d5580000)
  object space 191488K, 17% used [0x0000000080000000,0x000000008217c540,0x000000008bb00000)
 Metaspace       used 56548K, capacity 58870K, committed 59028K, reserved 1099776K
  class space    used 7584K, capacity 8079K, committed 8124K, reserved 1048576K
}
Event: 22.969 GC heap before
{Heap before GC invocations=14 (full 3):
 PSYoungGen      total 226816K, used 208384K [0x00000000d5580000, 0x00000000e6f80000, 0x0000000100000000)
  eden space 208384K, 100% used [0x00000000d5580000,0x00000000e2100000,0x00000000e2100000)
  from space 18432K, 0% used [0x00000000e3680000,0x00000000e3680000,0x00000000e4880000)
  to   space 22016K, 0% used [0x00000000e2100000,0x00000000e2100000,0x00000000e3680000)
 ParOldGen       total 191488K, used 34289K [0x0000000080000000, 0x000000008bb00000, 0x00000000d5580000)
  object space 191488K, 17% used [0x0000000080000000,0x000000008217c540,0x000000008bb00000)
 Metaspace       used 68503K, capacity 71506K, committed 71700K, reserved 1112064K
  class space    used 9393K, capacity 10040K, committed 10044K, reserved 1048576K
Event: 22.985 GC heap after
Heap after GC invocations=14 (full 3):
 PSYoungGen      total 230400K, used 18739K [0x00000000d5580000, 0x00000000e6f80000, 0x0000000100000000)
  eden space 208384K, 0% used [0x00000000d5580000,0x00000000d5580000,0x00000000e2100000)
  from space 22016K, 85% used [0x00000000e2100000,0x00000000e334cea0,0x00000000e3680000)
  to   space 18432K, 0% used [0x00000000e3680000,0x00000000e3680000,0x00000000e4880000)
 ParOldGen       total 191488K, used 34297K [0x0000000080000000, 0x000000008bb00000, 0x00000000d5580000)
  object space 191488K, 17% used [0x0000000080000000,0x000000008217e540,0x000000008bb00000)
 Metaspace       used 68503K, capacity 71506K, committed 71700K, reserved 1112064K
  class space    used 9393K, capacity 10040K, committed 10044K, reserved 1048576K
}
Event: 27.284 GC heap before
{Heap before GC invocations=15 (full 3):
 PSYoungGen      total 230400K, used 227123K [0x00000000d5580000, 0x00000000e6f80000, 0x0000000100000000)
  eden space 208384K, 100% used [0x00000000d5580000,0x00000000e2100000,0x00000000e2100000)
  from space 22016K, 85% used [0x00000000e2100000,0x00000000e334cea0,0x00000000e3680000)
  to   space 18432K, 0% used [0x00000000e3680000,0x00000000e3680000,0x00000000e4880000)
 ParOldGen       total 191488K, used 34297K [0x0000000080000000, 0x000000008bb00000, 0x00000000d5580000)
  object space 191488K, 17% used [0x0000000080000000,0x000000008217e540,0x000000008bb00000)
 Metaspace       used 78012K, capacity 82208K, committed 82324K, reserved 1120256K
  class space    used 10704K, capacity 11447K, committed 11452K, reserved 1048576K
Event: 27.301 GC heap after
Heap after GC invocations=15 (full 3):
 PSYoungGen      total 226816K, used 18417K [0x00000000d5580000, 0x00000000e6f80000, 0x0000000100000000)
  eden space 208384K, 0% used [0x00000000d5580000,0x00000000d5580000,0x00000000e2100000)
  from space 18432K, 99% used [0x00000000e3680000,0x00000000e487c6a0,0x00000000e4880000)
  to   space 22016K, 0% used [0x00000000e2100000,0x00000000e2100000,0x00000000e3680000)
 ParOldGen       total 191488K, used 43812K [0x0000000080000000, 0x000000008bb00000, 0x00000000d5580000)
  object space 191488K, 22% used [0x0000000080000000,0x0000000082ac90e0,0x000000008bb00000)
 Metaspace       used 78012K, capacity 82208K, committed 82324K, reserved 1120256K
  class space    used 10704K, capacity 11447K, committed 11452K, reserved 1048576K
}

