# JRE version: OpenJDK Runtime Environment (8.0_242-b01) (build 1.8.0_242-release-1644-b01)
# Java VM: OpenJDK 64-Bit Server VM (25.242-b01 mixed mode windows-amd64 compressed oops)
Heap:
 PSYoungGen      total 367616K, used 99512K [0x00000000d5580000, 0x00000000f1c80000, 0x0000000100000000)
  eden space 344576K, 22% used [0x00000000d5580000,0x00000000da18bec0,0x00000000ea600000)
  from space 23040K, 93% used [0x00000000ea600000,0x00000000ebb22148,0x00000000ebc80000)
  to   space 25600K, 0% used [0x00000000f0380000,0x00000000f0380000,0x00000000f1c80000)
 ParOldGen       total 198144K, used 37380K [0x0000000080000000, 0x000000008c180000, 0x00000000d5580000)
  object space 198144K, 18% used [0x0000000080000000,0x0000000082481290,0x000000008c180000)
 Metaspace       used 73083K, capacity 76484K, committed 76568K, reserved 1116160K
  class space    used 9797K, capacity 10489K, committed 10544K, reserved 1048576K
GC Heap History (10 events):
Event: 3.240 GC heap before
{Heap before GC invocations=8 (full 2):
 PSYoungGen      total 239104K, used 8870K [0x00000000d5580000, 0x00000000e4e80000, 0x0000000100000000)
  eden space 224256K, 0% used [0x00000000d5580000,0x00000000d5580000,0x00000000e3080000)
  from space 14848K, 59% used [0x00000000e4000000,0x00000000e48a9920,0x00000000e4e80000)
  to   space 15360K, 0% used [0x00000000e3080000,0x00000000e3080000,0x00000000e3f80000)
 ParOldGen       total 91136K, used 10614K [0x0000000080000000, 0x0000000085900000, 0x00000000d5580000)
  object space 91136K, 11% used [0x0000000080000000,0x0000000080a5db28,0x0000000085900000)
 Metaspace       used 34237K, capacity 35412K, committed 35496K, reserved 1079296K
  class space    used 4713K, capacity 5001K, committed 5040K, reserved 1048576K
Event: 3.278 GC heap after
Heap after GC invocations=8 (full 2):
 PSYoungGen      total 239104K, used 0K [0x00000000d5580000, 0x00000000e4e80000, 0x0000000100000000)
  eden space 224256K, 0% used [0x00000000d5580000,0x00000000d5580000,0x00000000e3080000)
  from space 14848K, 0% used [0x00000000e4000000,0x00000000e4000000,0x00000000e4e80000)
  to   space 15360K, 0% used [0x00000000e3080000,0x00000000e3080000,0x00000000e3f80000)
 ParOldGen       total 132608K, used 15272K [0x0000000080000000, 0x0000000088180000, 0x00000000d5580000)
  object space 132608K, 11% used [0x0000000080000000,0x0000000080eea098,0x0000000088180000)
 Metaspace       used 34237K, capacity 35412K, committed 35496K, reserved 1079296K
  class space    used 4713K, capacity 5001K, committed 5040K, reserved 1048576K
}
Event: 4.404 GC heap before
{Heap before GC invocations=9 (full 2):
 PSYoungGen      total 239104K, used 224256K [0x00000000d5580000, 0x00000000e4e80000, 0x0000000100000000)
  eden space 224256K, 100% used [0x00000000d5580000,0x00000000e3080000,0x00000000e3080000)
  from space 14848K, 0% used [0x00000000e4000000,0x00000000e4000000,0x00000000e4e80000)
  to   space 15360K, 0% used [0x00000000e3080000,0x00000000e3080000,0x00000000e3f80000)
 ParOldGen       total 132608K, used 15272K [0x0000000080000000, 0x0000000088180000, 0x00000000d5580000)
  object space 132608K, 11% used [0x0000000080000000,0x0000000080eea098,0x0000000088180000)
 Metaspace       used 45380K, capacity 47270K, committed 47528K, reserved 1089536K
  class space    used 6141K, capacity 6499K, committed 6576K, reserved 1048576K
Event: 4.415 GC heap after
Heap after GC invocations=9 (full 2):
 PSYoungGen      total 239616K, used 15290K [0x00000000d5580000, 0x00000000ed000000, 0x0000000100000000)
  eden space 224256K, 0% used [0x00000000d5580000,0x00000000d5580000,0x00000000e3080000)
  from space 15360K, 99% used [0x00000000e3080000,0x00000000e3f6e8e8,0x00000000e3f80000)
  to   space 17408K, 0% used [0x00000000ebf00000,0x00000000ebf00000,0x00000000ed000000)
 ParOldGen       total 132608K, used 15280K [0x0000000080000000, 0x0000000088180000, 0x00000000d5580000)
  object space 132608K, 11% used [0x0000000080000000,0x0000000080eec098,0x0000000088180000)
 Metaspace       used 45380K, capacity 47270K, committed 47528K, reserved 1089536K
  class space    used 6141K, capacity 6499K, committed 6576K, reserved 1048576K
}
Event: 5.579 GC heap before
{Heap before GC invocations=10 (full 2):
 PSYoungGen      total 239616K, used 162355K [0x00000000d5580000, 0x00000000ed000000, 0x0000000100000000)
  eden space 224256K, 65% used [0x00000000d5580000,0x00000000de51e350,0x00000000e3080000)
  from space 15360K, 99% used [0x00000000e3080000,0x00000000e3f6e8e8,0x00000000e3f80000)
  to   space 17408K, 0% used [0x00000000ebf00000,0x00000000ebf00000,0x00000000ed000000)
 ParOldGen       total 132608K, used 15280K [0x0000000080000000, 0x0000000088180000, 0x00000000d5580000)
  object space 132608K, 11% used [0x0000000080000000,0x0000000080eec098,0x0000000088180000)
 Metaspace       used 56781K, capacity 59100K, committed 59160K, reserved 1099776K
  class space    used 7713K, capacity 8201K, committed 8240K, reserved 1048576K
Event: 5.596 GC heap after
Heap after GC invocations=10 (full 2):
 PSYoungGen      total 361984K, used 17390K [0x00000000d5580000, 0x00000000ed300000, 0x0000000100000000)
  eden space 344576K, 0% used [0x00000000d5580000,0x00000000d5580000,0x00000000ea600000)
  from space 17408K, 99% used [0x00000000ebf00000,0x00000000ecffb970,0x00000000ed000000)
  to   space 23040K, 0% used [0x00000000ea600000,0x00000000ea600000,0x00000000ebc80000)
 ParOldGen       total 132608K, used 23035K [0x0000000080000000, 0x0000000088180000, 0x00000000d5580000)
  object space 132608K, 17% used [0x0000000080000000,0x000000008167ef90,0x0000000088180000)
 Metaspace       used 56781K, capacity 59100K, committed 59160K, reserved 1099776K
  class space    used 7713K, capacity 8201K, committed 8240K, reserved 1048576K
}
Event: 5.596 GC heap before
{Heap before GC invocations=11 (full 3):
 PSYoungGen      total 361984K, used 17390K [0x00000000d5580000, 0x00000000ed300000, 0x0000000100000000)
  eden space 344576K, 0% used [0x00000000d5580000,0x00000000d5580000,0x00000000ea600000)
  from space 17408K, 99% used [0x00000000ebf00000,0x00000000ecffb970,0x00000000ed000000)
  to   space 23040K, 0% used [0x00000000ea600000,0x00000000ea600000,0x00000000ebc80000)
 ParOldGen       total 132608K, used 23035K [0x0000000080000000, 0x0000000088180000, 0x00000000d5580000)
  object space 132608K, 17% used [0x0000000080000000,0x000000008167ef90,0x0000000088180000)
 Metaspace       used 56781K, capacity 59100K, committed 59160K, reserved 1099776K
  class space    used 7713K, capacity 8201K, committed 8240K, reserved 1048576K
Event: 5.786 GC heap after
Heap after GC invocations=11 (full 3):
 PSYoungGen      total 361984K, used 0K [0x00000000d5580000, 0x00000000ed300000, 0x0000000100000000)
  eden space 344576K, 0% used [0x00000000d5580000,0x00000000d5580000,0x00000000ea600000)
  from space 17408K, 0% used [0x00000000ebf00000,0x00000000ebf00000,0x00000000ed000000)
  to   space 23040K, 0% used [0x00000000ea600000,0x00000000ea600000,0x00000000ebc80000)
 ParOldGen       total 198144K, used 37372K [0x0000000080000000, 0x000000008c180000, 0x00000000d5580000)
  object space 198144K, 18% used [0x0000000080000000,0x000000008247f290,0x000000008c180000)
 Metaspace       used 56732K, capacity 58932K, committed 59160K, reserved 1099776K
  class space    used 7698K, capacity 8173K, committed 8240K, reserved 1048576K
}
Event: 7686.356 GC heap before
{Heap before GC invocations=12 (full 3):
 PSYoungGen      total 361984K, used 344576K [0x00000000d5580000, 0x00000000ed300000, 0x0000000100000000)
  eden space 344576K, 100% used [0x00000000d5580000,0x00000000ea600000,0x00000000ea600000)
  from space 17408K, 0% used [0x00000000ebf00000,0x00000000ebf00000,0x00000000ed000000)
  to   space 23040K, 0% used [0x00000000ea600000,0x00000000ea600000,0x00000000ebc80000)
 ParOldGen       total 198144K, used 37372K [0x0000000080000000, 0x000000008c180000, 0x00000000d5580000)
  object space 198144K, 18% used [0x0000000080000000,0x000000008247f290,0x000000008c180000)
 Metaspace       used 69552K, capacity 72762K, committed 72856K, reserved 1112064K
  class space    used 9269K, capacity 9863K, committed 9904K, reserved 1048576K
Event: 7686.424 GC heap after
Heap after GC invocations=12 (full 3):
 PSYoungGen      total 367616K, used 21640K [0x00000000d5580000, 0x00000000f1c80000, 0x0000000100000000)
  eden space 344576K, 0% used [0x00000000d5580000,0x00000000d5580000,0x00000000ea600000)
  from space 23040K, 93% used [0x00000000ea600000,0x00000000ebb22148,0x00000000ebc80000)
  to   space 25600K, 0% used [0x00000000f0380000,0x00000000f0380000,0x00000000f1c80000)
 ParOldGen       total 198144K, used 37380K [0x0000000080000000, 0x000000008c180000, 0x00000000d5580000)
  object space 198144K, 18% used [0x0000000080000000,0x0000000082481290,0x000000008c180000)
 Metaspace       used 69552K, capacity 72762K, committed 72856K, reserved 1112064K
  class space    used 9269K, capacity 9863K, committed 9904K, reserved 1048576K
}

